  OO_Assignment.cpp
D:\Users\DKavanagh2\Documents\GitHub\OO_Assignment\OO_Assignment\OO_Assignment\OO_Assignment\OO_Assignment\MapArrayClass.h(71,38): warning C4101: 'e': unreferenced local variable
D:\Users\DKavanagh2\Documents\GitHub\OO_Assignment\OO_Assignment\OO_Assignment\OO_Assignment\OO_Assignment\MapArrayClass.h(51): message : while compiling class template member function 'void MapArray<T,K>::AddMemory(void)'
D:\Users\DKavanagh2\Documents\GitHub\OO_Assignment\OO_Assignment\OO_Assignment\OO_Assignment\OO_Assignment\MapArrayClass.h(51): message :         with
D:\Users\DKavanagh2\Documents\GitHub\OO_Assignment\OO_Assignment\OO_Assignment\OO_Assignment\OO_Assignment\MapArrayClass.h(51): message :         [
D:\Users\DKavanagh2\Documents\GitHub\OO_Assignment\OO_Assignment\OO_Assignment\OO_Assignment\OO_Assignment\MapArrayClass.h(51): message :             T=MyStruct,
D:\Users\DKavanagh2\Documents\GitHub\OO_Assignment\OO_Assignment\OO_Assignment\OO_Assignment\OO_Assignment\MapArrayClass.h(51): message :             K=MyStruct
D:\Users\DKavanagh2\Documents\GitHub\OO_Assignment\OO_Assignment\OO_Assignment\OO_Assignment\OO_Assignment\MapArrayClass.h(51): message :         ]
D:\Users\DKavanagh2\Documents\GitHub\OO_Assignment\OO_Assignment\OO_Assignment\OO_Assignment\OO_Assignment\MapArrayClass.h(163): message : see reference to function template instantiation 'void MapArray<T,K>::AddMemory(void)' being compiled
D:\Users\DKavanagh2\Documents\GitHub\OO_Assignment\OO_Assignment\OO_Assignment\OO_Assignment\OO_Assignment\MapArrayClass.h(163): message :         with
D:\Users\DKavanagh2\Documents\GitHub\OO_Assignment\OO_Assignment\OO_Assignment\OO_Assignment\OO_Assignment\MapArrayClass.h(163): message :         [
D:\Users\DKavanagh2\Documents\GitHub\OO_Assignment\OO_Assignment\OO_Assignment\OO_Assignment\OO_Assignment\MapArrayClass.h(163): message :             T=MyStruct,
D:\Users\DKavanagh2\Documents\GitHub\OO_Assignment\OO_Assignment\OO_Assignment\OO_Assignment\OO_Assignment\MapArrayClass.h(163): message :             K=MyStruct
D:\Users\DKavanagh2\Documents\GitHub\OO_Assignment\OO_Assignment\OO_Assignment\OO_Assignment\OO_Assignment\MapArrayClass.h(163): message :         ]
D:\Users\DKavanagh2\Documents\GitHub\OO_Assignment\OO_Assignment\OO_Assignment\OO_Assignment\OO_Assignment\OO_Assignment.cpp(61): message : see reference to class template instantiation 'MapArray<T,K>' being compiled
D:\Users\DKavanagh2\Documents\GitHub\OO_Assignment\OO_Assignment\OO_Assignment\OO_Assignment\OO_Assignment\OO_Assignment.cpp(61): message :         with
D:\Users\DKavanagh2\Documents\GitHub\OO_Assignment\OO_Assignment\OO_Assignment\OO_Assignment\OO_Assignment\OO_Assignment.cpp(61): message :         [
D:\Users\DKavanagh2\Documents\GitHub\OO_Assignment\OO_Assignment\OO_Assignment\OO_Assignment\OO_Assignment\OO_Assignment.cpp(61): message :             T=MyStruct,
D:\Users\DKavanagh2\Documents\GitHub\OO_Assignment\OO_Assignment\OO_Assignment\OO_Assignment\OO_Assignment\OO_Assignment.cpp(61): message :             K=MyStruct
D:\Users\DKavanagh2\Documents\GitHub\OO_Assignment\OO_Assignment\OO_Assignment\OO_Assignment\OO_Assignment\OO_Assignment.cpp(61): message :         ]
D:\Users\DKavanagh2\Documents\GitHub\OO_Assignment\OO_Assignment\OO_Assignment\OO_Assignment\OO_Assignment\OO_Assignment.cpp(221): message : see reference to function template instantiation 'void TestInterfaceMethods<MyStruct,MyStruct>(T [],K [])' being compiled
D:\Users\DKavanagh2\Documents\GitHub\OO_Assignment\OO_Assignment\OO_Assignment\OO_Assignment\OO_Assignment\OO_Assignment.cpp(221): message :         with
D:\Users\DKavanagh2\Documents\GitHub\OO_Assignment\OO_Assignment\OO_Assignment\OO_Assignment\OO_Assignment\OO_Assignment.cpp(221): message :         [
D:\Users\DKavanagh2\Documents\GitHub\OO_Assignment\OO_Assignment\OO_Assignment\OO_Assignment\OO_Assignment\OO_Assignment.cpp(221): message :             T=MyStruct,
D:\Users\DKavanagh2\Documents\GitHub\OO_Assignment\OO_Assignment\OO_Assignment\OO_Assignment\OO_Assignment\OO_Assignment.cpp(221): message :             K=MyStruct
D:\Users\DKavanagh2\Documents\GitHub\OO_Assignment\OO_Assignment\OO_Assignment\OO_Assignment\OO_Assignment\OO_Assignment.cpp(221): message :         ]
  OO_Assignment.vcxproj -> D:\Users\DKavanagh2\Documents\GitHub\OO_Assignment\OO_Assignment\OO_Assignment\OO_Assignment\Debug\OO_Assignment.exe
